\BOOKMARK [1][-]{section*.1}{\376\377\000A\000b\000s\000t\000r\000a\000c\000t}{}% 1
\BOOKMARK [1][-]{section.1}{\376\377\0001\000\040\000I\000n\000t\000r\000o\000d\000u\000c\000t\000i\000o\000n}{}% 2
\BOOKMARK [1][-]{section.2}{\376\377\0002\000\040\000E\000x\000a\000m\000p\000l\000e}{}% 3
\BOOKMARK [2][-]{subsection.2.1}{\376\377\0002\000.\0001\000\040\000U\000s\000e\000r\000\040\000L\000o\000g\000i\000n}{section.2}% 4
\BOOKMARK [2][-]{subsection.2.2}{\376\377\0002\000.\0002\000\040\000D\000a\000s\000h\000b\000o\000a\000r\000d\000\040\000F\000u\000n\000c\000t\000i\000o\000n\000a\000l\000i\000t\000y\000\040\000a\000n\000d\000\040\000C\000o\000u\000r\000s\000e\000\040\000S\000e\000a\000r\000c\000h}{section.2}% 5
\BOOKMARK [2][-]{subsection.2.3}{\376\377\0002\000.\0003\000\040\000A\000g\000g\000r\000e\000g\000a\000t\000i\000o\000n\000\040\000a\000n\000d\000\040\000D\000i\000s\000p\000l\000a\000y\000\040\000o\000f\000\040\000S\000e\000a\000r\000c\000h\000\040\000R\000e\000s\000u\000l\000t\000s}{section.2}% 6
\BOOKMARK [2][-]{subsection.2.4}{\376\377\0002\000.\0004\000\040\000C\000o\000u\000r\000s\000e\000\040\000R\000e\000g\000i\000s\000t\000r\000a\000t\000i\000o\000n\000\040\000P\000r\000o\000c\000e\000s\000s}{section.2}% 7
\BOOKMARK [1][-]{section.3}{\376\377\0003\000\040\000V\000i\000e\000w\000\040\000a\000n\000d\000\040\000C\000o\000n\000t\000r\000o\000l}{}% 8
\BOOKMARK [2][-]{subsection.3.1}{\376\377\0003\000.\0001\000\040\000C\000o\000o\000r\000d\000i\000n\000a\000t\000o\000r\000\040\000N\000o\000d\000e\000s}{section.3}% 9
\BOOKMARK [2][-]{subsection.3.2}{\376\377\0003\000.\0002\000\040\000C\000l\000i\000e\000n\000t\000\040\000a\000n\000d\000\040\000R\000e\000g\000i\000s\000t\000r\000a\000t\000i\000o\000n\000\040\000N\000o\000d\000e\000s}{section.3}% 10
\BOOKMARK [2][-]{subsection.3.3}{\376\377\0003\000.\0003\000\040\000S\000c\000a\000l\000a\000b\000i\000l\000i\000t\000y}{section.3}% 11
\BOOKMARK [2][-]{subsection.3.4}{\376\377\0003\000.\0004\000\040\000F\000a\000i\000l\000-\000S\000a\000f\000e\000\040\000M\000e\000c\000h\000a\000n\000i\000s\000m}{section.3}% 12
\BOOKMARK [2][-]{subsection.3.5}{\376\377\0003\000.\0005\000\040\000I\000n\000t\000e\000r\000f\000a\000c\000e\000\040\000D\000e\000s\000i\000g\000n}{section.3}% 13
\BOOKMARK [1][-]{section.4}{\376\377\0004\000\040\000S\000e\000a\000r\000c\000h}{}% 14
\BOOKMARK [2][-]{subsection.4.1}{\376\377\0004\000.\0001\000\040\000A\000d\000a\000p\000t\000i\000n\000g\000\040\000P\000a\000g\000e\000R\000a\000n\000k\000\040\000f\000o\000r\000\040\000S\000e\000a\000r\000c\000h\000i\000n\000g\000\040\000C\000o\000u\000r\000s\000e\000\040\000C\000a\000t\000a\000l\000o\000g\000u\000e\000s}{section.4}% 15
\BOOKMARK [2][-]{subsection.4.2}{\376\377\0004\000.\0002\000\040\000T\000F\000-\000I\000D\000F\000\040\000a\000n\000d\000\040\000S\000t\000e\000m\000m\000i\000n\000g}{section.4}% 16
\BOOKMARK [2][-]{subsection.4.3}{\376\377\0004\000.\0003\000\040\000I\000n\000d\000e\000x\000i\000n\000g\000\040\000C\000o\000u\000r\000s\000e\000s}{section.4}% 17
\BOOKMARK [2][-]{subsection.4.4}{\376\377\0004\000.\0004\000\040\000C\000o\000n\000s\000i\000s\000t\000e\000n\000t\000\040\000h\000a\000s\000h\000i\000n\000g}{section.4}% 18
\BOOKMARK [2][-]{subsection.4.5}{\376\377\0004\000.\0005\000\040\000S\000c\000a\000l\000a\000b\000i\000l\000i\000t\000y}{section.4}% 19
\BOOKMARK [2][-]{subsection.4.6}{\376\377\0004\000.\0006\000\040\000D\000e\000s\000i\000g\000n\000\040\000C\000o\000n\000s\000i\000d\000e\000r\000a\000t\000i\000o\000n\000s}{section.4}% 20
\BOOKMARK [1][-]{section.5}{\376\377\0005\000\040\000D\000e\000p\000l\000o\000y\000m\000e\000n\000t}{}% 21
\BOOKMARK [1][-]{section.6}{\376\377\0006\000\040\000E\000v\000a\000l\000u\000a\000t\000i\000o\000n}{}% 22
\BOOKMARK [2][-]{subsection.6.1}{\376\377\0006\000.\0001\000\040\000R\000e\000g\000i\000s\000t\000r\000a\000t\000i\000o\000n\000\040\000P\000e\000r\000f\000o\000r\000m\000a\000n\000c\000e}{section.6}% 23
\BOOKMARK [2][-]{subsection.6.2}{\376\377\0006\000.\0002\000\040\000Q\000u\000e\000r\000y\000\040\000P\000e\000r\000f\000o\000r\000m\000a\000n\000c\000e}{section.6}% 24
\BOOKMARK [2][-]{subsection.6.3}{\376\377\0006\000.\0003\000\040\000B\000e\000n\000c\000h\000m\000a\000r\000k\000s}{section.6}% 25
\BOOKMARK [1][-]{section.7}{\376\377\0007\000\040\000D\000i\000s\000c\000u\000s\000s\000i\000o\000n}{}% 26
\BOOKMARK [2][-]{subsection.7.1}{\376\377\0007\000.\0001\000\040\000I\000m\000p\000r\000o\000v\000e\000d\000\040\000S\000e\000a\000r\000c\000h}{section.7}% 27
\BOOKMARK [2][-]{subsection.7.2}{\376\377\0007\000.\0002\000\040\000F\000u\000t\000u\000r\000e\000\040\000o\000f\000\040\000E\000d\000u\000c\000a\000t\000i\000o\000n}{section.7}% 28
\BOOKMARK [2][-]{subsection.7.3}{\376\377\0007\000.\0003\000\040\000M\000a\000c\000h\000i\000n\000e\000\040\000L\000e\000a\000r\000n\000i\000n\000g\000\040\000I\000n\000t\000e\000g\000r\000a\000t\000i\000o\000n}{section.7}% 29
\BOOKMARK [2][-]{subsection.7.4}{\376\377\0007\000.\0004\000\040\000I\000m\000p\000r\000o\000v\000e\000d\000\040\000U\000s\000e\000r\000\040\000E\000x\000p\000e\000r\000i\000e\000n\000c\000e}{section.7}% 30
\BOOKMARK [1][-]{section.8}{\376\377\0008\000\040\000R\000e\000l\000a\000t\000e\000d\000\040\000W\000o\000r\000k}{}% 31
\BOOKMARK [1][-]{section.9}{\376\377\0009\000\040\000C\000o\000n\000c\000l\000u\000s\000i\000o\000n}{}% 32
\BOOKMARK [1][-]{section*.10}{\376\377\000R\000e\000f\000e\000r\000e\000n\000c\000e\000s}{}% 33
\BOOKMARK [1][-]{appendix.A}{\376\377\000A\000\040\000R\000e\000f\000l\000e\000c\000t\000i\000o\000n\000s}{}% 34
\BOOKMARK [1][-]{appendix.B}{\376\377\000B\000\040\000U\000s\000i\000n\000g\000\040\000o\000u\000r\000\040\000S\000y\000s\000t\000e\000m}{}% 35
